This file contains any messages produced by compilers while
running configure, to aid debugging if configure makes a mistake.

It was created by configure, which was
generated by GNU Autoconf 2.69.  Invocation command line was

  $ ./configure 

## --------- ##
## Platform. ##
## --------- ##

hostname = x220blue
uname -m = x86_64
uname -r = 5.10.0-8-amd64
uname -s = Linux
uname -v = #1 SMP Debian 5.10.46-4 (2021-08-03)

/usr/bin/uname -p = unknown
/bin/uname -X     = unknown

/bin/arch              = x86_64
/usr/bin/arch -k       = unknown
/usr/convex/getsysinfo = unknown
/usr/bin/hostinfo      = unknown
/bin/machine           = unknown
/usr/bin/oslevel       = unknown
/bin/universe          = unknown

PATH: /usr/local/bin
PATH: /usr/bin
PATH: /bin
PATH: /usr/local/games
PATH: /usr/games


## ----------- ##
## Core tests. ##
## ----------- ##

configure:2598: checking for gcc
configure:2614: found /usr/bin/gcc
configure:2625: result: gcc
configure:2854: checking for C compiler version
configure:2863: gcc --version >&5
gcc (Debian 10.2.1-6) 10.2.1 20210110
Copyright (C) 2020 Free Software Foundation, Inc.
This is free software; see the source for copying conditions.  There is NO
warranty; not even for MERCHANTABILITY or FITNESS FOR A PARTICULAR PURPOSE.

configure:2874: $? = 0
configure:2863: gcc -v >&5
Using built-in specs.
COLLECT_GCC=gcc
COLLECT_LTO_WRAPPER=/usr/lib/gcc/x86_64-linux-gnu/10/lto-wrapper
OFFLOAD_TARGET_NAMES=nvptx-none:amdgcn-amdhsa:hsa
OFFLOAD_TARGET_DEFAULT=1
Target: x86_64-linux-gnu
Configured with: ../src/configure -v --with-pkgversion='Debian 10.2.1-6' --with-bugurl=file:///usr/share/doc/gcc-10/README.Bugs --enable-languages=c,ada,c++,go,brig,d,fortran,objc,obj-c++,m2 --prefix=/usr --with-gcc-major-version-only --program-suffix=-10 --program-prefix=x86_64-linux-gnu- --enable-shared --enable-linker-build-id --libexecdir=/usr/lib --without-included-gettext --enable-threads=posix --libdir=/usr/lib --enable-nls --enable-bootstrap --enable-clocale=gnu --enable-libstdcxx-debug --enable-libstdcxx-time=yes --with-default-libstdcxx-abi=new --enable-gnu-unique-object --disable-vtable-verify --enable-plugin --enable-default-pie --with-system-zlib --enable-libphobos-checking=release --with-target-system-zlib=auto --enable-objc-gc=auto --enable-multiarch --disable-werror --with-arch-32=i686 --with-abi=m64 --with-multilib-list=m32,m64,mx32 --enable-multilib --with-tune=generic --enable-offload-targets=nvptx-none=/build/gcc-10-Km9U7s/gcc-10-10.2.1/debian/tmp-nvptx/usr,amdgcn-amdhsa=/build/gcc-10-Km9U7s/gcc-10-10.2.1/debian/tmp-gcn/usr,hsa --without-cuda-driver --enable-checking=release --build=x86_64-linux-gnu --host=x86_64-linux-gnu --target=x86_64-linux-gnu --with-build-config=bootstrap-lto-lean --enable-link-mutex
Thread model: posix
Supported LTO compression algorithms: zlib zstd
gcc version 10.2.1 20210110 (Debian 10.2.1-6) 
... rest of stderr output deleted ...
configure:2874: $? = 0
configure:2863: gcc -V >&5
gcc: error: unrecognized command-line option '-V'
gcc: fatal error: no input files
compilation terminated.
configure:2874: $? = 1
configure:2863: gcc -qversion >&5
gcc: error: unrecognized command-line option '-qversion'; did you mean '--version'?
gcc: fatal error: no input files
compilation terminated.
configure:2874: $? = 1
configure:2894: checking whether the C compiler works
configure:2916: gcc    conftest.c  >&5
configure:2920: $? = 0
configure:2968: result: yes
configure:2971: checking for C compiler default output file name
configure:2973: result: a.out
configure:2979: checking for suffix of executables
configure:2986: gcc -o conftest    conftest.c  >&5
configure:2990: $? = 0
configure:3012: result: 
configure:3034: checking whether we are cross compiling
configure:3042: gcc -o conftest    conftest.c  >&5
configure:3046: $? = 0
configure:3053: ./conftest
configure:3057: $? = 0
configure:3072: result: no
configure:3077: checking for suffix of object files
configure:3099: gcc -c   conftest.c >&5
configure:3103: $? = 0
configure:3124: result: o
configure:3128: checking whether we are using the GNU C compiler
configure:3147: gcc -c   conftest.c >&5
configure:3147: $? = 0
configure:3156: result: yes
configure:3165: checking whether gcc accepts -g
configure:3185: gcc -c -g  conftest.c >&5
configure:3185: $? = 0
configure:3226: result: yes
configure:3243: checking for gcc option to accept ISO C89
configure:3306: gcc  -c -g -O2  conftest.c >&5
configure:3306: $? = 0
configure:3319: result: none needed
configure:3345: checking how to run the C preprocessor
configure:3376: gcc -E  conftest.c
configure:3376: $? = 0
configure:3390: gcc -E  conftest.c
conftest.c:9:10: fatal error: ac_nonexistent.h: No such file or directory
    9 | #include <ac_nonexistent.h>
      |          ^~~~~~~~~~~~~~~~~~
compilation terminated.
configure:3390: $? = 1
configure: failed program was:
| /* confdefs.h */
| #define PACKAGE_NAME ""
| #define PACKAGE_TARNAME ""
| #define PACKAGE_VERSION ""
| #define PACKAGE_STRING ""
| #define PACKAGE_BUGREPORT ""
| #define PACKAGE_URL ""
| /* end confdefs.h.  */
| #include <ac_nonexistent.h>
configure:3415: result: gcc -E
configure:3435: gcc -E  conftest.c
configure:3435: $? = 0
configure:3449: gcc -E  conftest.c
conftest.c:9:10: fatal error: ac_nonexistent.h: No such file or directory
    9 | #include <ac_nonexistent.h>
      |          ^~~~~~~~~~~~~~~~~~
compilation terminated.
configure:3449: $? = 1
configure: failed program was:
| /* confdefs.h */
| #define PACKAGE_NAME ""
| #define PACKAGE_TARNAME ""
| #define PACKAGE_VERSION ""
| #define PACKAGE_STRING ""
| #define PACKAGE_BUGREPORT ""
| #define PACKAGE_URL ""
| /* end confdefs.h.  */
| #include <ac_nonexistent.h>
configure:3478: checking for grep that handles long lines and -e
configure:3536: result: /usr/bin/grep
configure:3541: checking for egrep
configure:3603: result: /usr/bin/grep -E
configure:3609: checking whether gcc needs -traditional
configure:3643: result: no
configure:3693: checking for a BSD-compatible install
configure:3761: result: /usr/bin/install -c
configure:3777: checking build system type
configure:3791: result: x86_64-pc-linux-gnu
configure:3811: checking host system type
configure:3824: result: x86_64-pc-linux-gnu
configure:3844: checking target system type
configure:3857: result: x86_64-pc-linux-gnu
configure:3885: checking for an ANSI C-conforming const
configure:3951: gcc -c -g -O2  conftest.c >&5
configure:3951: $? = 0
configure:3958: result: yes
configure:3966: checking for inline
configure:3982: gcc -c -g -O2  conftest.c >&5
configure:3982: $? = 0
configure:3990: result: inline
configure:4011: checking for pthread_create in -lpthread
configure:4036: gcc -o conftest -g -O2   conftest.c -lpthread   >&5
configure:4036: $? = 0
configure:4045: result: yes
configure:4056: checking for dlsym in -ldl
configure:4081: gcc -o conftest -g -O2   conftest.c -ldl  -lpthread  >&5
configure:4081: $? = 0
configure:4090: result: yes
configure:4103: checking for ANSI C header files
configure:4123: gcc -c -g -O2  conftest.c >&5
configure:4123: $? = 0
configure:4196: gcc -o conftest -g -O2   conftest.c -ldl -lpthread  >&5
configure:4196: $? = 0
configure:4196: ./conftest
configure:4196: $? = 0
configure:4207: result: yes
configure:4215: checking for sys/wait.h that is POSIX.1 compatible
configure:4241: gcc -c -g -O2  conftest.c >&5
configure:4241: $? = 0
configure:4248: result: yes
configure:4261: checking for sys/types.h
configure:4261: gcc -c -g -O2  conftest.c >&5
configure:4261: $? = 0
configure:4261: result: yes
configure:4261: checking for sys/stat.h
configure:4261: gcc -c -g -O2  conftest.c >&5
configure:4261: $? = 0
configure:4261: result: yes
configure:4261: checking for stdlib.h
configure:4261: gcc -c -g -O2  conftest.c >&5
configure:4261: $? = 0
configure:4261: result: yes
configure:4261: checking for string.h
configure:4261: gcc -c -g -O2  conftest.c >&5
configure:4261: $? = 0
configure:4261: result: yes
configure:4261: checking for memory.h
configure:4261: gcc -c -g -O2  conftest.c >&5
configure:4261: $? = 0
configure:4261: result: yes
configure:4261: checking for strings.h
configure:4261: gcc -c -g -O2  conftest.c >&5
configure:4261: $? = 0
configure:4261: result: yes
configure:4261: checking for inttypes.h
configure:4261: gcc -c -g -O2  conftest.c >&5
configure:4261: $? = 0
configure:4261: result: yes
configure:4261: checking for stdint.h
configure:4261: gcc -c -g -O2  conftest.c >&5
configure:4261: $? = 0
configure:4261: result: yes
configure:4261: checking for unistd.h
configure:4261: gcc -c -g -O2  conftest.c >&5
configure:4261: $? = 0
configure:4261: result: yes
configure:4278: checking fcntl.h usability
configure:4278: gcc -c -g -O2  conftest.c >&5
configure:4278: $? = 0
configure:4278: result: yes
configure:4278: checking fcntl.h presence
configure:4278: gcc -E  conftest.c
configure:4278: $? = 0
configure:4278: result: yes
configure:4278: checking for fcntl.h
configure:4278: result: yes
configure:4278: checking limits.h usability
configure:4278: gcc -c -g -O2  conftest.c >&5
configure:4278: $? = 0
configure:4278: result: yes
configure:4278: checking limits.h presence
configure:4278: gcc -E  conftest.c
configure:4278: $? = 0
configure:4278: result: yes
configure:4278: checking for limits.h
configure:4278: result: yes
configure:4278: checking sys/ioctl.h usability
configure:4278: gcc -c -g -O2  conftest.c >&5
configure:4278: $? = 0
configure:4278: result: yes
configure:4278: checking sys/ioctl.h presence
configure:4278: gcc -E  conftest.c
configure:4278: $? = 0
configure:4278: result: yes
configure:4278: checking for sys/ioctl.h
configure:4278: result: yes
configure:4278: checking sys/time.h usability
configure:4278: gcc -c -g -O2  conftest.c >&5
configure:4278: $? = 0
configure:4278: result: yes
configure:4278: checking sys/time.h presence
configure:4278: gcc -E  conftest.c
configure:4278: $? = 0
configure:4278: result: yes
configure:4278: checking for sys/time.h
configure:4278: result: yes
configure:4278: checking arpa/inet.h usability
configure:4278: gcc -c -g -O2  conftest.c >&5
configure:4278: $? = 0
configure:4278: result: yes
configure:4278: checking arpa/inet.h presence
configure:4278: gcc -E  conftest.c
configure:4278: $? = 0
configure:4278: result: yes
configure:4278: checking for arpa/inet.h
configure:4278: result: yes
configure:4278: checking netdb.h usability
configure:4278: gcc -c -g -O2  conftest.c >&5
configure:4278: $? = 0
configure:4278: result: yes
configure:4278: checking netdb.h presence
configure:4278: gcc -E  conftest.c
configure:4278: $? = 0
configure:4278: result: yes
configure:4278: checking for netdb.h
configure:4278: result: yes
configure:4278: checking sys/select.h usability
configure:4278: gcc -c -g -O2  conftest.c >&5
configure:4278: $? = 0
configure:4278: result: yes
configure:4278: checking sys/select.h presence
configure:4278: gcc -E  conftest.c
configure:4278: $? = 0
configure:4278: result: yes
configure:4278: checking for sys/select.h
configure:4278: result: yes
configure:4278: checking sys/sockio.h usability
configure:4278: gcc -c -g -O2  conftest.c >&5
conftest.c:62:10: fatal error: sys/sockio.h: No such file or directory
   62 | #include <sys/sockio.h>
      |          ^~~~~~~~~~~~~~
compilation terminated.
configure:4278: $? = 1
configure: failed program was:
| /* confdefs.h */
| #define PACKAGE_NAME ""
| #define PACKAGE_TARNAME ""
| #define PACKAGE_VERSION ""
| #define PACKAGE_STRING ""
| #define PACKAGE_BUGREPORT ""
| #define PACKAGE_URL ""
| #define HAVE_LIBPTHREAD 1
| #define HAVE_LIBDL 1
| #define STDC_HEADERS 1
| #define HAVE_SYS_WAIT_H 1
| #define HAVE_SYS_TYPES_H 1
| #define HAVE_SYS_STAT_H 1
| #define HAVE_STDLIB_H 1
| #define HAVE_STRING_H 1
| #define HAVE_MEMORY_H 1
| #define HAVE_STRINGS_H 1
| #define HAVE_INTTYPES_H 1
| #define HAVE_STDINT_H 1
| #define HAVE_UNISTD_H 1
| #define HAVE_FCNTL_H 1
| #define HAVE_LIMITS_H 1
| #define HAVE_SYS_IOCTL_H 1
| #define HAVE_SYS_TIME_H 1
| #define HAVE_ARPA_INET_H 1
| #define HAVE_NETDB_H 1
| #define HAVE_SYS_SELECT_H 1
| /* end confdefs.h.  */
| #include <stdio.h>
| #ifdef HAVE_SYS_TYPES_H
| # include <sys/types.h>
| #endif
| #ifdef HAVE_SYS_STAT_H
| # include <sys/stat.h>
| #endif
| #ifdef STDC_HEADERS
| # include <stdlib.h>
| # include <stddef.h>
| #else
| # ifdef HAVE_STDLIB_H
| #  include <stdlib.h>
| # endif
| #endif
| #ifdef HAVE_STRING_H
| # if !defined STDC_HEADERS && defined HAVE_MEMORY_H
| #  include <memory.h>
| # endif
| # include <string.h>
| #endif
| #ifdef HAVE_STRINGS_H
| # include <strings.h>
| #endif
| #ifdef HAVE_INTTYPES_H
| # include <inttypes.h>
| #endif
| #ifdef HAVE_STDINT_H
| # include <stdint.h>
| #endif
| #ifdef HAVE_UNISTD_H
| # include <unistd.h>
| #endif
| #include <sys/sockio.h>
configure:4278: result: no
configure:4278: checking sys/sockio.h presence
configure:4278: gcc -E  conftest.c
conftest.c:29:10: fatal error: sys/sockio.h: No such file or directory
   29 | #include <sys/sockio.h>
      |          ^~~~~~~~~~~~~~
compilation terminated.
configure:4278: $? = 1
configure: failed program was:
| /* confdefs.h */
| #define PACKAGE_NAME ""
| #define PACKAGE_TARNAME ""
| #define PACKAGE_VERSION ""
| #define PACKAGE_STRING ""
| #define PACKAGE_BUGREPORT ""
| #define PACKAGE_URL ""
| #define HAVE_LIBPTHREAD 1
| #define HAVE_LIBDL 1
| #define STDC_HEADERS 1
| #define HAVE_SYS_WAIT_H 1
| #define HAVE_SYS_TYPES_H 1
| #define HAVE_SYS_STAT_H 1
| #define HAVE_STDLIB_H 1
| #define HAVE_STRING_H 1
| #define HAVE_MEMORY_H 1
| #define HAVE_STRINGS_H 1
| #define HAVE_INTTYPES_H 1
| #define HAVE_STDINT_H 1
| #define HAVE_UNISTD_H 1
| #define HAVE_FCNTL_H 1
| #define HAVE_LIMITS_H 1
| #define HAVE_SYS_IOCTL_H 1
| #define HAVE_SYS_TIME_H 1
| #define HAVE_ARPA_INET_H 1
| #define HAVE_NETDB_H 1
| #define HAVE_SYS_SELECT_H 1
| /* end confdefs.h.  */
| #include <sys/sockio.h>
configure:4278: result: no
configure:4278: checking for sys/sockio.h
configure:4278: result: no
configure:4278: checking sys/socket.h usability
configure:4278: gcc -c -g -O2  conftest.c >&5
configure:4278: $? = 0
configure:4278: result: yes
configure:4278: checking sys/socket.h presence
configure:4278: gcc -E  conftest.c
configure:4278: $? = 0
configure:4278: result: yes
configure:4278: checking for sys/socket.h
configure:4278: result: yes
configure:4278: checking sys/param.h usability
configure:4278: gcc -c -g -O2  conftest.c >&5
configure:4278: $? = 0
configure:4278: result: yes
configure:4278: checking sys/param.h presence
configure:4278: gcc -E  conftest.c
configure:4278: $? = 0
configure:4278: result: yes
configure:4278: checking for sys/param.h
configure:4278: result: yes
configure:4278: checking for memory.h
configure:4278: result: yes
configure:4278: checking malloc.h usability
configure:4278: gcc -c -g -O2  conftest.c >&5
configure:4278: $? = 0
configure:4278: result: yes
configure:4278: checking malloc.h presence
configure:4278: gcc -E  conftest.c
configure:4278: $? = 0
configure:4278: result: yes
configure:4278: checking for malloc.h
configure:4278: result: yes
configure:4278: checking signal.h usability
configure:4278: gcc -c -g -O2  conftest.c >&5
configure:4278: $? = 0
configure:4278: result: yes
configure:4278: checking signal.h presence
configure:4278: gcc -E  conftest.c
configure:4278: $? = 0
configure:4278: result: yes
configure:4278: checking for signal.h
configure:4278: result: yes
configure:4278: checking net/if.h usability
configure:4278: gcc -c -g -O2  conftest.c >&5
configure:4278: $? = 0
configure:4278: result: yes
configure:4278: checking net/if.h presence
configure:4278: gcc -E  conftest.c
configure:4278: $? = 0
configure:4278: result: yes
configure:4278: checking for net/if.h
configure:4278: result: yes
configure:4278: checking netinet/in.h usability
configure:4278: gcc -c -g -O2  conftest.c >&5
configure:4278: $? = 0
configure:4278: result: yes
configure:4278: checking netinet/in.h presence
configure:4278: gcc -E  conftest.c
configure:4278: $? = 0
configure:4278: result: yes
configure:4278: checking for netinet/in.h
configure:4278: result: yes
configure:4278: checking winsock2.h usability
configure:4278: gcc -c -g -O2  conftest.c >&5
conftest.c:69:10: fatal error: winsock2.h: No such file or directory
   69 | #include <winsock2.h>
      |          ^~~~~~~~~~~~
compilation terminated.
configure:4278: $? = 1
configure: failed program was:
| /* confdefs.h */
| #define PACKAGE_NAME ""
| #define PACKAGE_TARNAME ""
| #define PACKAGE_VERSION ""
| #define PACKAGE_STRING ""
| #define PACKAGE_BUGREPORT ""
| #define PACKAGE_URL ""
| #define HAVE_LIBPTHREAD 1
| #define HAVE_LIBDL 1
| #define STDC_HEADERS 1
| #define HAVE_SYS_WAIT_H 1
| #define HAVE_SYS_TYPES_H 1
| #define HAVE_SYS_STAT_H 1
| #define HAVE_STDLIB_H 1
| #define HAVE_STRING_H 1
| #define HAVE_MEMORY_H 1
| #define HAVE_STRINGS_H 1
| #define HAVE_INTTYPES_H 1
| #define HAVE_STDINT_H 1
| #define HAVE_UNISTD_H 1
| #define HAVE_FCNTL_H 1
| #define HAVE_LIMITS_H 1
| #define HAVE_SYS_IOCTL_H 1
| #define HAVE_SYS_TIME_H 1
| #define HAVE_ARPA_INET_H 1
| #define HAVE_NETDB_H 1
| #define HAVE_SYS_SELECT_H 1
| #define HAVE_SYS_SOCKET_H 1
| #define HAVE_SYS_PARAM_H 1
| #define HAVE_MEMORY_H 1
| #define HAVE_MALLOC_H 1
| #define HAVE_SIGNAL_H 1
| #define HAVE_NET_IF_H 1
| #define HAVE_NETINET_IN_H 1
| /* end confdefs.h.  */
| #include <stdio.h>
| #ifdef HAVE_SYS_TYPES_H
| # include <sys/types.h>
| #endif
| #ifdef HAVE_SYS_STAT_H
| # include <sys/stat.h>
| #endif
| #ifdef STDC_HEADERS
| # include <stdlib.h>
| # include <stddef.h>
| #else
| # ifdef HAVE_STDLIB_H
| #  include <stdlib.h>
| # endif
| #endif
| #ifdef HAVE_STRING_H
| # if !defined STDC_HEADERS && defined HAVE_MEMORY_H
| #  include <memory.h>
| # endif
| # include <string.h>
| #endif
| #ifdef HAVE_STRINGS_H
| # include <strings.h>
| #endif
| #ifdef HAVE_INTTYPES_H
| # include <inttypes.h>
| #endif
| #ifdef HAVE_STDINT_H
| # include <stdint.h>
| #endif
| #ifdef HAVE_UNISTD_H
| # include <unistd.h>
| #endif
| #include <winsock2.h>
configure:4278: result: no
configure:4278: checking winsock2.h presence
configure:4278: gcc -E  conftest.c
conftest.c:36:10: fatal error: winsock2.h: No such file or directory
   36 | #include <winsock2.h>
      |          ^~~~~~~~~~~~
compilation terminated.
configure:4278: $? = 1
configure: failed program was:
| /* confdefs.h */
| #define PACKAGE_NAME ""
| #define PACKAGE_TARNAME ""
| #define PACKAGE_VERSION ""
| #define PACKAGE_STRING ""
| #define PACKAGE_BUGREPORT ""
| #define PACKAGE_URL ""
| #define HAVE_LIBPTHREAD 1
| #define HAVE_LIBDL 1
| #define STDC_HEADERS 1
| #define HAVE_SYS_WAIT_H 1
| #define HAVE_SYS_TYPES_H 1
| #define HAVE_SYS_STAT_H 1
| #define HAVE_STDLIB_H 1
| #define HAVE_STRING_H 1
| #define HAVE_MEMORY_H 1
| #define HAVE_STRINGS_H 1
| #define HAVE_INTTYPES_H 1
| #define HAVE_STDINT_H 1
| #define HAVE_UNISTD_H 1
| #define HAVE_FCNTL_H 1
| #define HAVE_LIMITS_H 1
| #define HAVE_SYS_IOCTL_H 1
| #define HAVE_SYS_TIME_H 1
| #define HAVE_ARPA_INET_H 1
| #define HAVE_NETDB_H 1
| #define HAVE_SYS_SELECT_H 1
| #define HAVE_SYS_SOCKET_H 1
| #define HAVE_SYS_PARAM_H 1
| #define HAVE_MEMORY_H 1
| #define HAVE_MALLOC_H 1
| #define HAVE_SIGNAL_H 1
| #define HAVE_NET_IF_H 1
| #define HAVE_NETINET_IN_H 1
| /* end confdefs.h.  */
| #include <winsock2.h>
configure:4278: result: no
configure:4278: checking for winsock2.h
configure:4278: result: no
configure:4278: checking sys/uio.h usability
configure:4278: gcc -c -g -O2  conftest.c >&5
configure:4278: $? = 0
configure:4278: result: yes
configure:4278: checking sys/uio.h presence
configure:4278: gcc -E  conftest.c
configure:4278: $? = 0
configure:4278: result: yes
configure:4278: checking for sys/uio.h
configure:4278: result: yes
configure:4278: checking getopt.h usability
configure:4278: gcc -c -g -O2  conftest.c >&5
configure:4278: $? = 0
configure:4278: result: yes
configure:4278: checking getopt.h presence
configure:4278: gcc -E  conftest.c
configure:4278: $? = 0
configure:4278: result: yes
configure:4278: checking for getopt.h
configure:4278: result: yes
configure:4278: checking dlfcn.h usability
configure:4278: gcc -c -g -O2  conftest.c >&5
configure:4278: $? = 0
configure:4278: result: yes
configure:4278: checking dlfcn.h presence
configure:4278: gcc -E  conftest.c
configure:4278: $? = 0
configure:4278: result: yes
configure:4278: checking for dlfcn.h
configure:4278: result: yes
configure:4278: checking for string.h
configure:4278: result: yes
configure:4291: checking termios.h usability
configure:4291: gcc -c -g -O2  conftest.c >&5
configure:4291: $? = 0
configure:4291: result: yes
configure:4291: checking termios.h presence
configure:4291: gcc -E  conftest.c
configure:4291: $? = 0
configure:4291: result: yes
configure:4291: checking for termios.h
configure:4291: result: yes
configure:4302: checking for struct ip_mreqn.imr_ifindex
configure:4302: gcc -c -g -O2  conftest.c >&5
configure:4302: $? = 0
configure:4302: result: yes
configure:4316: checking for in_addr_t
configure:4316: gcc -c -g -O2  conftest.c >&5
configure:4316: $? = 0
configure:4316: gcc -c -g -O2  conftest.c >&5
conftest.c: In function 'main':
conftest.c:49:24: error: expected expression before ')' token
   49 | if (sizeof ((in_addr_t)))
      |                        ^
configure:4316: $? = 1
configure: failed program was:
| /* confdefs.h */
| #define PACKAGE_NAME ""
| #define PACKAGE_TARNAME ""
| #define PACKAGE_VERSION ""
| #define PACKAGE_STRING ""
| #define PACKAGE_BUGREPORT ""
| #define PACKAGE_URL ""
| #define HAVE_LIBPTHREAD 1
| #define HAVE_LIBDL 1
| #define STDC_HEADERS 1
| #define HAVE_SYS_WAIT_H 1
| #define HAVE_SYS_TYPES_H 1
| #define HAVE_SYS_STAT_H 1
| #define HAVE_STDLIB_H 1
| #define HAVE_STRING_H 1
| #define HAVE_MEMORY_H 1
| #define HAVE_STRINGS_H 1
| #define HAVE_INTTYPES_H 1
| #define HAVE_STDINT_H 1
| #define HAVE_UNISTD_H 1
| #define HAVE_FCNTL_H 1
| #define HAVE_LIMITS_H 1
| #define HAVE_SYS_IOCTL_H 1
| #define HAVE_SYS_TIME_H 1
| #define HAVE_ARPA_INET_H 1
| #define HAVE_NETDB_H 1
| #define HAVE_SYS_SELECT_H 1
| #define HAVE_SYS_SOCKET_H 1
| #define HAVE_SYS_PARAM_H 1
| #define HAVE_MEMORY_H 1
| #define HAVE_MALLOC_H 1
| #define HAVE_SIGNAL_H 1
| #define HAVE_NET_IF_H 1
| #define HAVE_NETINET_IN_H 1
| #define HAVE_SYS_UIO_H 1
| #define HAVE_GETOPT_H 1
| #define HAVE_DLFCN_H 1
| #define HAVE_STRING_H 1
| #define HAVE_TERMIOS_H 1
| #define HAVE_STRUCT_IP_MREQN_IMR_IFINDEX 1
| /* end confdefs.h.  */
| #ifdef HAVE_ARPA_INET_H
| #include <arpa/inet.h>
| #endif
| 
| int
| main ()
| {
| if (sizeof ((in_addr_t)))
| 	    return 0;
|   ;
|   return 0;
| }
configure:4316: result: yes
configure:4337: checking for special C compiler options needed for large files
configure:4382: result: no
configure:4388: checking for _FILE_OFFSET_BITS value needed for large files
configure:4413: gcc -c -g -O2  conftest.c >&5
configure:4413: $? = 0
configure:4445: result: no
configure:4530: checking for int8_t
configure:4530: gcc -c -g -O2  conftest.c >&5
configure:4530: $? = 0
configure:4530: gcc -c -g -O2  conftest.c >&5
conftest.c: In function 'main':
conftest.c:80:12: error: size of array 'test_array' is negative
   80 | static int test_array [1 - 2 * !((int8_t) (((((int8_t) 1 << N) << N) - 1) * 2 + 1)
      |            ^~~~~~~~~~
configure:4530: $? = 1
configure: failed program was:
| /* confdefs.h */
| #define PACKAGE_NAME ""
| #define PACKAGE_TARNAME ""
| #define PACKAGE_VERSION ""
| #define PACKAGE_STRING ""
| #define PACKAGE_BUGREPORT ""
| #define PACKAGE_URL ""
| #define HAVE_LIBPTHREAD 1
| #define HAVE_LIBDL 1
| #define STDC_HEADERS 1
| #define HAVE_SYS_WAIT_H 1
| #define HAVE_SYS_TYPES_H 1
| #define HAVE_SYS_STAT_H 1
| #define HAVE_STDLIB_H 1
| #define HAVE_STRING_H 1
| #define HAVE_MEMORY_H 1
| #define HAVE_STRINGS_H 1
| #define HAVE_INTTYPES_H 1
| #define HAVE_STDINT_H 1
| #define HAVE_UNISTD_H 1
| #define HAVE_FCNTL_H 1
| #define HAVE_LIMITS_H 1
| #define HAVE_SYS_IOCTL_H 1
| #define HAVE_SYS_TIME_H 1
| #define HAVE_ARPA_INET_H 1
| #define HAVE_NETDB_H 1
| #define HAVE_SYS_SELECT_H 1
| #define HAVE_SYS_SOCKET_H 1
| #define HAVE_SYS_PARAM_H 1
| #define HAVE_MEMORY_H 1
| #define HAVE_MALLOC_H 1
| #define HAVE_SIGNAL_H 1
| #define HAVE_NET_IF_H 1
| #define HAVE_NETINET_IN_H 1
| #define HAVE_SYS_UIO_H 1
| #define HAVE_GETOPT_H 1
| #define HAVE_DLFCN_H 1
| #define HAVE_STRING_H 1
| #define HAVE_TERMIOS_H 1
| #define HAVE_STRUCT_IP_MREQN_IMR_IFINDEX 1
| #define HAVE_IN_ADDR_T 1
| /* end confdefs.h.  */
| #include <stdio.h>
| #ifdef HAVE_SYS_TYPES_H
| # include <sys/types.h>
| #endif
| #ifdef HAVE_SYS_STAT_H
| # include <sys/stat.h>
| #endif
| #ifdef STDC_HEADERS
| # include <stdlib.h>
| # include <stddef.h>
| #else
| # ifdef HAVE_STDLIB_H
| #  include <stdlib.h>
| # endif
| #endif
| #ifdef HAVE_STRING_H
| # if !defined STDC_HEADERS && defined HAVE_MEMORY_H
| #  include <memory.h>
| # endif
| # include <string.h>
| #endif
| #ifdef HAVE_STRINGS_H
| # include <strings.h>
| #endif
| #ifdef HAVE_INTTYPES_H
| # include <inttypes.h>
| #endif
| #ifdef HAVE_STDINT_H
| # include <stdint.h>
| #endif
| #ifdef HAVE_UNISTD_H
| # include <unistd.h>
| #endif
| 	        enum { N = 8 / 2 - 1 };
| int
| main ()
| {
| static int test_array [1 - 2 * !((int8_t) (((((int8_t) 1 << N) << N) - 1) * 2 + 1)
| 		 < (int8_t) (((((int8_t) 1 << N) << N) - 1) * 2 + 2))];
| test_array [0] = 0;
| return test_array [0];
| 
|   ;
|   return 0;
| }
configure:4530: result: yes
configure:4541: checking for int16_t
configure:4541: gcc -c -g -O2  conftest.c >&5
configure:4541: $? = 0
configure:4541: gcc -c -g -O2  conftest.c >&5
conftest.c: In function 'main':
conftest.c:80:12: error: size of array 'test_array' is negative
   80 | static int test_array [1 - 2 * !((int16_t) (((((int16_t) 1 << N) << N) - 1) * 2 + 1)
      |            ^~~~~~~~~~
configure:4541: $? = 1
configure: failed program was:
| /* confdefs.h */
| #define PACKAGE_NAME ""
| #define PACKAGE_TARNAME ""
| #define PACKAGE_VERSION ""
| #define PACKAGE_STRING ""
| #define PACKAGE_BUGREPORT ""
| #define PACKAGE_URL ""
| #define HAVE_LIBPTHREAD 1
| #define HAVE_LIBDL 1
| #define STDC_HEADERS 1
| #define HAVE_SYS_WAIT_H 1
| #define HAVE_SYS_TYPES_H 1
| #define HAVE_SYS_STAT_H 1
| #define HAVE_STDLIB_H 1
| #define HAVE_STRING_H 1
| #define HAVE_MEMORY_H 1
| #define HAVE_STRINGS_H 1
| #define HAVE_INTTYPES_H 1
| #define HAVE_STDINT_H 1
| #define HAVE_UNISTD_H 1
| #define HAVE_FCNTL_H 1
| #define HAVE_LIMITS_H 1
| #define HAVE_SYS_IOCTL_H 1
| #define HAVE_SYS_TIME_H 1
| #define HAVE_ARPA_INET_H 1
| #define HAVE_NETDB_H 1
| #define HAVE_SYS_SELECT_H 1
| #define HAVE_SYS_SOCKET_H 1
| #define HAVE_SYS_PARAM_H 1
| #define HAVE_MEMORY_H 1
| #define HAVE_MALLOC_H 1
| #define HAVE_SIGNAL_H 1
| #define HAVE_NET_IF_H 1
| #define HAVE_NETINET_IN_H 1
| #define HAVE_SYS_UIO_H 1
| #define HAVE_GETOPT_H 1
| #define HAVE_DLFCN_H 1
| #define HAVE_STRING_H 1
| #define HAVE_TERMIOS_H 1
| #define HAVE_STRUCT_IP_MREQN_IMR_IFINDEX 1
| #define HAVE_IN_ADDR_T 1
| /* end confdefs.h.  */
| #include <stdio.h>
| #ifdef HAVE_SYS_TYPES_H
| # include <sys/types.h>
| #endif
| #ifdef HAVE_SYS_STAT_H
| # include <sys/stat.h>
| #endif
| #ifdef STDC_HEADERS
| # include <stdlib.h>
| # include <stddef.h>
| #else
| # ifdef HAVE_STDLIB_H
| #  include <stdlib.h>
| # endif
| #endif
| #ifdef HAVE_STRING_H
| # if !defined STDC_HEADERS && defined HAVE_MEMORY_H
| #  include <memory.h>
| # endif
| # include <string.h>
| #endif
| #ifdef HAVE_STRINGS_H
| # include <strings.h>
| #endif
| #ifdef HAVE_INTTYPES_H
| # include <inttypes.h>
| #endif
| #ifdef HAVE_STDINT_H
| # include <stdint.h>
| #endif
| #ifdef HAVE_UNISTD_H
| # include <unistd.h>
| #endif
| 	        enum { N = 16 / 2 - 1 };
| int
| main ()
| {
| static int test_array [1 - 2 * !((int16_t) (((((int16_t) 1 << N) << N) - 1) * 2 + 1)
| 		 < (int16_t) (((((int16_t) 1 << N) << N) - 1) * 2 + 2))];
| test_array [0] = 0;
| return test_array [0];
| 
|   ;
|   return 0;
| }
configure:4541: result: yes
configure:4552: checking for int32_t
configure:4552: gcc -c -g -O2  conftest.c >&5
configure:4552: $? = 0
configure:4552: gcc -c -g -O2  conftest.c >&5
conftest.c: In function 'main':
conftest.c:81:53: warning: integer overflow in expression of type 'int' results in '-2147483648' [-Woverflow]
   81 |    < (int32_t) (((((int32_t) 1 << N) << N) - 1) * 2 + 2))];
      |                                                     ^
conftest.c:80:12: error: storage size of 'test_array' isn't constant
   80 | static int test_array [1 - 2 * !((int32_t) (((((int32_t) 1 << N) << N) - 1) * 2 + 1)
      |            ^~~~~~~~~~
configure:4552: $? = 1
configure: failed program was:
| /* confdefs.h */
| #define PACKAGE_NAME ""
| #define PACKAGE_TARNAME ""
| #define PACKAGE_VERSION ""
| #define PACKAGE_STRING ""
| #define PACKAGE_BUGREPORT ""
| #define PACKAGE_URL ""
| #define HAVE_LIBPTHREAD 1
| #define HAVE_LIBDL 1
| #define STDC_HEADERS 1
| #define HAVE_SYS_WAIT_H 1
| #define HAVE_SYS_TYPES_H 1
| #define HAVE_SYS_STAT_H 1
| #define HAVE_STDLIB_H 1
| #define HAVE_STRING_H 1
| #define HAVE_MEMORY_H 1
| #define HAVE_STRINGS_H 1
| #define HAVE_INTTYPES_H 1
| #define HAVE_STDINT_H 1
| #define HAVE_UNISTD_H 1
| #define HAVE_FCNTL_H 1
| #define HAVE_LIMITS_H 1
| #define HAVE_SYS_IOCTL_H 1
| #define HAVE_SYS_TIME_H 1
| #define HAVE_ARPA_INET_H 1
| #define HAVE_NETDB_H 1
| #define HAVE_SYS_SELECT_H 1
| #define HAVE_SYS_SOCKET_H 1
| #define HAVE_SYS_PARAM_H 1
| #define HAVE_MEMORY_H 1
| #define HAVE_MALLOC_H 1
| #define HAVE_SIGNAL_H 1
| #define HAVE_NET_IF_H 1
| #define HAVE_NETINET_IN_H 1
| #define HAVE_SYS_UIO_H 1
| #define HAVE_GETOPT_H 1
| #define HAVE_DLFCN_H 1
| #define HAVE_STRING_H 1
| #define HAVE_TERMIOS_H 1
| #define HAVE_STRUCT_IP_MREQN_IMR_IFINDEX 1
| #define HAVE_IN_ADDR_T 1
| /* end confdefs.h.  */
| #include <stdio.h>
| #ifdef HAVE_SYS_TYPES_H
| # include <sys/types.h>
| #endif
| #ifdef HAVE_SYS_STAT_H
| # include <sys/stat.h>
| #endif
| #ifdef STDC_HEADERS
| # include <stdlib.h>
| # include <stddef.h>
| #else
| # ifdef HAVE_STDLIB_H
| #  include <stdlib.h>
| # endif
| #endif
| #ifdef HAVE_STRING_H
| # if !defined STDC_HEADERS && defined HAVE_MEMORY_H
| #  include <memory.h>
| # endif
| # include <string.h>
| #endif
| #ifdef HAVE_STRINGS_H
| # include <strings.h>
| #endif
| #ifdef HAVE_INTTYPES_H
| # include <inttypes.h>
| #endif
| #ifdef HAVE_STDINT_H
| # include <stdint.h>
| #endif
| #ifdef HAVE_UNISTD_H
| # include <unistd.h>
| #endif
| 	        enum { N = 32 / 2 - 1 };
| int
| main ()
| {
| static int test_array [1 - 2 * !((int32_t) (((((int32_t) 1 << N) << N) - 1) * 2 + 1)
| 		 < (int32_t) (((((int32_t) 1 << N) << N) - 1) * 2 + 2))];
| test_array [0] = 0;
| return test_array [0];
| 
|   ;
|   return 0;
| }
configure:4552: result: yes
configure:4563: checking for uint8_t
configure:4563: gcc -c -g -O2  conftest.c >&5
configure:4563: $? = 0
configure:4563: result: yes
configure:4577: checking for uint16_t
configure:4577: gcc -c -g -O2  conftest.c >&5
configure:4577: $? = 0
configure:4577: result: yes
configure:4589: checking for uint32_t
configure:4589: gcc -c -g -O2  conftest.c >&5
configure:4589: $? = 0
configure:4589: result: yes
configure:4603: checking for ssize_t
configure:4603: gcc -c -g -O2  conftest.c >&5
configure:4603: $? = 0
configure:4603: gcc -c -g -O2  conftest.c >&5
conftest.c: In function 'main':
conftest.c:79:22: error: expected expression before ')' token
   79 | if (sizeof ((ssize_t)))
      |                      ^
configure:4603: $? = 1
configure: failed program was:
| /* confdefs.h */
| #define PACKAGE_NAME ""
| #define PACKAGE_TARNAME ""
| #define PACKAGE_VERSION ""
| #define PACKAGE_STRING ""
| #define PACKAGE_BUGREPORT ""
| #define PACKAGE_URL ""
| #define HAVE_LIBPTHREAD 1
| #define HAVE_LIBDL 1
| #define STDC_HEADERS 1
| #define HAVE_SYS_WAIT_H 1
| #define HAVE_SYS_TYPES_H 1
| #define HAVE_SYS_STAT_H 1
| #define HAVE_STDLIB_H 1
| #define HAVE_STRING_H 1
| #define HAVE_MEMORY_H 1
| #define HAVE_STRINGS_H 1
| #define HAVE_INTTYPES_H 1
| #define HAVE_STDINT_H 1
| #define HAVE_UNISTD_H 1
| #define HAVE_FCNTL_H 1
| #define HAVE_LIMITS_H 1
| #define HAVE_SYS_IOCTL_H 1
| #define HAVE_SYS_TIME_H 1
| #define HAVE_ARPA_INET_H 1
| #define HAVE_NETDB_H 1
| #define HAVE_SYS_SELECT_H 1
| #define HAVE_SYS_SOCKET_H 1
| #define HAVE_SYS_PARAM_H 1
| #define HAVE_MEMORY_H 1
| #define HAVE_MALLOC_H 1
| #define HAVE_SIGNAL_H 1
| #define HAVE_NET_IF_H 1
| #define HAVE_NETINET_IN_H 1
| #define HAVE_SYS_UIO_H 1
| #define HAVE_GETOPT_H 1
| #define HAVE_DLFCN_H 1
| #define HAVE_STRING_H 1
| #define HAVE_TERMIOS_H 1
| #define HAVE_STRUCT_IP_MREQN_IMR_IFINDEX 1
| #define HAVE_IN_ADDR_T 1
| /* end confdefs.h.  */
| #include <stdio.h>
| #ifdef HAVE_SYS_TYPES_H
| # include <sys/types.h>
| #endif
| #ifdef HAVE_SYS_STAT_H
| # include <sys/stat.h>
| #endif
| #ifdef STDC_HEADERS
| # include <stdlib.h>
| # include <stddef.h>
| #else
| # ifdef HAVE_STDLIB_H
| #  include <stdlib.h>
| # endif
| #endif
| #ifdef HAVE_STRING_H
| # if !defined STDC_HEADERS && defined HAVE_MEMORY_H
| #  include <memory.h>
| # endif
| # include <string.h>
| #endif
| #ifdef HAVE_STRINGS_H
| # include <strings.h>
| #endif
| #ifdef HAVE_INTTYPES_H
| # include <inttypes.h>
| #endif
| #ifdef HAVE_STDINT_H
| # include <stdint.h>
| #endif
| #ifdef HAVE_UNISTD_H
| # include <unistd.h>
| #endif
| int
| main ()
| {
| if (sizeof ((ssize_t)))
| 	    return 0;
|   ;
|   return 0;
| }
configure:4603: result: yes
configure:4614: checking for size_t
configure:4614: gcc -c -g -O2  conftest.c >&5
configure:4614: $? = 0
configure:4614: gcc -c -g -O2  conftest.c >&5
conftest.c: In function 'main':
conftest.c:79:21: error: expected expression before ')' token
   79 | if (sizeof ((size_t)))
      |                     ^
configure:4614: $? = 1
configure: failed program was:
| /* confdefs.h */
| #define PACKAGE_NAME ""
| #define PACKAGE_TARNAME ""
| #define PACKAGE_VERSION ""
| #define PACKAGE_STRING ""
| #define PACKAGE_BUGREPORT ""
| #define PACKAGE_URL ""
| #define HAVE_LIBPTHREAD 1
| #define HAVE_LIBDL 1
| #define STDC_HEADERS 1
| #define HAVE_SYS_WAIT_H 1
| #define HAVE_SYS_TYPES_H 1
| #define HAVE_SYS_STAT_H 1
| #define HAVE_STDLIB_H 1
| #define HAVE_STRING_H 1
| #define HAVE_MEMORY_H 1
| #define HAVE_STRINGS_H 1
| #define HAVE_INTTYPES_H 1
| #define HAVE_STDINT_H 1
| #define HAVE_UNISTD_H 1
| #define HAVE_FCNTL_H 1
| #define HAVE_LIMITS_H 1
| #define HAVE_SYS_IOCTL_H 1
| #define HAVE_SYS_TIME_H 1
| #define HAVE_ARPA_INET_H 1
| #define HAVE_NETDB_H 1
| #define HAVE_SYS_SELECT_H 1
| #define HAVE_SYS_SOCKET_H 1
| #define HAVE_SYS_PARAM_H 1
| #define HAVE_MEMORY_H 1
| #define HAVE_MALLOC_H 1
| #define HAVE_SIGNAL_H 1
| #define HAVE_NET_IF_H 1
| #define HAVE_NETINET_IN_H 1
| #define HAVE_SYS_UIO_H 1
| #define HAVE_GETOPT_H 1
| #define HAVE_DLFCN_H 1
| #define HAVE_STRING_H 1
| #define HAVE_TERMIOS_H 1
| #define HAVE_STRUCT_IP_MREQN_IMR_IFINDEX 1
| #define HAVE_IN_ADDR_T 1
| /* end confdefs.h.  */
| #include <stdio.h>
| #ifdef HAVE_SYS_TYPES_H
| # include <sys/types.h>
| #endif
| #ifdef HAVE_SYS_STAT_H
| # include <sys/stat.h>
| #endif
| #ifdef STDC_HEADERS
| # include <stdlib.h>
| # include <stddef.h>
| #else
| # ifdef HAVE_STDLIB_H
| #  include <stdlib.h>
| # endif
| #endif
| #ifdef HAVE_STRING_H
| # if !defined STDC_HEADERS && defined HAVE_MEMORY_H
| #  include <memory.h>
| # endif
| # include <string.h>
| #endif
| #ifdef HAVE_STRINGS_H
| # include <strings.h>
| #endif
| #ifdef HAVE_INTTYPES_H
| # include <inttypes.h>
| #endif
| #ifdef HAVE_STDINT_H
| # include <stdint.h>
| #endif
| #ifdef HAVE_UNISTD_H
| # include <unistd.h>
| #endif
| int
| main ()
| {
| if (sizeof ((size_t)))
| 	    return 0;
|   ;
|   return 0;
| }
configure:4614: result: yes
configure:4625: checking for off_t
configure:4625: gcc -c -g -O2  conftest.c >&5
configure:4625: $? = 0
configure:4625: gcc -c -g -O2  conftest.c >&5
conftest.c: In function 'main':
conftest.c:79:20: error: expected expression before ')' token
   79 | if (sizeof ((off_t)))
      |                    ^
configure:4625: $? = 1
configure: failed program was:
| /* confdefs.h */
| #define PACKAGE_NAME ""
| #define PACKAGE_TARNAME ""
| #define PACKAGE_VERSION ""
| #define PACKAGE_STRING ""
| #define PACKAGE_BUGREPORT ""
| #define PACKAGE_URL ""
| #define HAVE_LIBPTHREAD 1
| #define HAVE_LIBDL 1
| #define STDC_HEADERS 1
| #define HAVE_SYS_WAIT_H 1
| #define HAVE_SYS_TYPES_H 1
| #define HAVE_SYS_STAT_H 1
| #define HAVE_STDLIB_H 1
| #define HAVE_STRING_H 1
| #define HAVE_MEMORY_H 1
| #define HAVE_STRINGS_H 1
| #define HAVE_INTTYPES_H 1
| #define HAVE_STDINT_H 1
| #define HAVE_UNISTD_H 1
| #define HAVE_FCNTL_H 1
| #define HAVE_LIMITS_H 1
| #define HAVE_SYS_IOCTL_H 1
| #define HAVE_SYS_TIME_H 1
| #define HAVE_ARPA_INET_H 1
| #define HAVE_NETDB_H 1
| #define HAVE_SYS_SELECT_H 1
| #define HAVE_SYS_SOCKET_H 1
| #define HAVE_SYS_PARAM_H 1
| #define HAVE_MEMORY_H 1
| #define HAVE_MALLOC_H 1
| #define HAVE_SIGNAL_H 1
| #define HAVE_NET_IF_H 1
| #define HAVE_NETINET_IN_H 1
| #define HAVE_SYS_UIO_H 1
| #define HAVE_GETOPT_H 1
| #define HAVE_DLFCN_H 1
| #define HAVE_STRING_H 1
| #define HAVE_TERMIOS_H 1
| #define HAVE_STRUCT_IP_MREQN_IMR_IFINDEX 1
| #define HAVE_IN_ADDR_T 1
| /* end confdefs.h.  */
| #include <stdio.h>
| #ifdef HAVE_SYS_TYPES_H
| # include <sys/types.h>
| #endif
| #ifdef HAVE_SYS_STAT_H
| # include <sys/stat.h>
| #endif
| #ifdef STDC_HEADERS
| # include <stdlib.h>
| # include <stddef.h>
| #else
| # ifdef HAVE_STDLIB_H
| #  include <stdlib.h>
| # endif
| #endif
| #ifdef HAVE_STRING_H
| # if !defined STDC_HEADERS && defined HAVE_MEMORY_H
| #  include <memory.h>
| # endif
| # include <string.h>
| #endif
| #ifdef HAVE_STRINGS_H
| # include <strings.h>
| #endif
| #ifdef HAVE_INTTYPES_H
| # include <inttypes.h>
| #endif
| #ifdef HAVE_STDINT_H
| # include <stdint.h>
| #endif
| #ifdef HAVE_UNISTD_H
| # include <unistd.h>
| #endif
| int
| main ()
| {
| if (sizeof ((off_t)))
| 	    return 0;
|   ;
|   return 0;
| }
configure:4625: result: yes
configure:4636: checking return type of signal handlers
configure:4654: gcc -c -g -O2  conftest.c >&5
conftest.c: In function 'main':
conftest.c:49:10: error: void value not ignored as it ought to be
   49 | return *(signal (0, 0)) (0) == 1;
      |         ~^~~~~~~~~~~~~~~~~~
configure:4654: $? = 1
configure: failed program was:
| /* confdefs.h */
| #define PACKAGE_NAME ""
| #define PACKAGE_TARNAME ""
| #define PACKAGE_VERSION ""
| #define PACKAGE_STRING ""
| #define PACKAGE_BUGREPORT ""
| #define PACKAGE_URL ""
| #define HAVE_LIBPTHREAD 1
| #define HAVE_LIBDL 1
| #define STDC_HEADERS 1
| #define HAVE_SYS_WAIT_H 1
| #define HAVE_SYS_TYPES_H 1
| #define HAVE_SYS_STAT_H 1
| #define HAVE_STDLIB_H 1
| #define HAVE_STRING_H 1
| #define HAVE_MEMORY_H 1
| #define HAVE_STRINGS_H 1
| #define HAVE_INTTYPES_H 1
| #define HAVE_STDINT_H 1
| #define HAVE_UNISTD_H 1
| #define HAVE_FCNTL_H 1
| #define HAVE_LIMITS_H 1
| #define HAVE_SYS_IOCTL_H 1
| #define HAVE_SYS_TIME_H 1
| #define HAVE_ARPA_INET_H 1
| #define HAVE_NETDB_H 1
| #define HAVE_SYS_SELECT_H 1
| #define HAVE_SYS_SOCKET_H 1
| #define HAVE_SYS_PARAM_H 1
| #define HAVE_MEMORY_H 1
| #define HAVE_MALLOC_H 1
| #define HAVE_SIGNAL_H 1
| #define HAVE_NET_IF_H 1
| #define HAVE_NETINET_IN_H 1
| #define HAVE_SYS_UIO_H 1
| #define HAVE_GETOPT_H 1
| #define HAVE_DLFCN_H 1
| #define HAVE_STRING_H 1
| #define HAVE_TERMIOS_H 1
| #define HAVE_STRUCT_IP_MREQN_IMR_IFINDEX 1
| #define HAVE_IN_ADDR_T 1
| /* end confdefs.h.  */
| #include <sys/types.h>
| #include <signal.h>
| 
| int
| main ()
| {
| return *(signal (0, 0)) (0) == 1;
|   ;
|   return 0;
| }
configure:4661: result: void
configure:4669: checking for uid_t in sys/types.h
configure:4688: result: yes
configure:4700: checking for caddr_t
configure:4700: gcc -c -g -O2  conftest.c >&5
configure:4700: $? = 0
configure:4700: gcc -c -g -O2  conftest.c >&5
conftest.c: In function 'main':
conftest.c:80:22: error: expected expression before ')' token
   80 | if (sizeof ((caddr_t)))
      |                      ^
configure:4700: $? = 1
configure: failed program was:
| /* confdefs.h */
| #define PACKAGE_NAME ""
| #define PACKAGE_TARNAME ""
| #define PACKAGE_VERSION ""
| #define PACKAGE_STRING ""
| #define PACKAGE_BUGREPORT ""
| #define PACKAGE_URL ""
| #define HAVE_LIBPTHREAD 1
| #define HAVE_LIBDL 1
| #define STDC_HEADERS 1
| #define HAVE_SYS_WAIT_H 1
| #define HAVE_SYS_TYPES_H 1
| #define HAVE_SYS_STAT_H 1
| #define HAVE_STDLIB_H 1
| #define HAVE_STRING_H 1
| #define HAVE_MEMORY_H 1
| #define HAVE_STRINGS_H 1
| #define HAVE_INTTYPES_H 1
| #define HAVE_STDINT_H 1
| #define HAVE_UNISTD_H 1
| #define HAVE_FCNTL_H 1
| #define HAVE_LIMITS_H 1
| #define HAVE_SYS_IOCTL_H 1
| #define HAVE_SYS_TIME_H 1
| #define HAVE_ARPA_INET_H 1
| #define HAVE_NETDB_H 1
| #define HAVE_SYS_SELECT_H 1
| #define HAVE_SYS_SOCKET_H 1
| #define HAVE_SYS_PARAM_H 1
| #define HAVE_MEMORY_H 1
| #define HAVE_MALLOC_H 1
| #define HAVE_SIGNAL_H 1
| #define HAVE_NET_IF_H 1
| #define HAVE_NETINET_IN_H 1
| #define HAVE_SYS_UIO_H 1
| #define HAVE_GETOPT_H 1
| #define HAVE_DLFCN_H 1
| #define HAVE_STRING_H 1
| #define HAVE_TERMIOS_H 1
| #define HAVE_STRUCT_IP_MREQN_IMR_IFINDEX 1
| #define HAVE_IN_ADDR_T 1
| #define RETSIGTYPE void
| /* end confdefs.h.  */
| #include <stdio.h>
| #ifdef HAVE_SYS_TYPES_H
| # include <sys/types.h>
| #endif
| #ifdef HAVE_SYS_STAT_H
| # include <sys/stat.h>
| #endif
| #ifdef STDC_HEADERS
| # include <stdlib.h>
| # include <stddef.h>
| #else
| # ifdef HAVE_STDLIB_H
| #  include <stdlib.h>
| # endif
| #endif
| #ifdef HAVE_STRING_H
| # if !defined STDC_HEADERS && defined HAVE_MEMORY_H
| #  include <memory.h>
| # endif
| # include <string.h>
| #endif
| #ifdef HAVE_STRINGS_H
| # include <strings.h>
| #endif
| #ifdef HAVE_INTTYPES_H
| # include <inttypes.h>
| #endif
| #ifdef HAVE_STDINT_H
| # include <stdint.h>
| #endif
| #ifdef HAVE_UNISTD_H
| # include <unistd.h>
| #endif
| int
| main ()
| {
| if (sizeof ((caddr_t)))
| 	    return 0;
|   ;
|   return 0;
| }
configure:4700: result: yes
configure:4714: checking size of size_t
configure:4719: gcc -o conftest -g -O2   conftest.c -ldl -lpthread  >&5
configure:4719: $? = 0
configure:4719: ./conftest
configure:4719: $? = 0
configure:4733: result: 8
configure:4747: checking size of time_t
configure:4752: gcc -o conftest -g -O2   conftest.c -ldl -lpthread  >&5
configure:4752: $? = 0
configure:4752: ./conftest
configure:4752: $? = 0
configure:4766: result: 8
configure:4780: checking size of long
configure:4785: gcc -o conftest -g -O2   conftest.c -ldl -lpthread  >&5
configure:4785: $? = 0
configure:4785: ./conftest
configure:4785: $? = 0
configure:4799: result: 8
configure:4813: checking size of long long
configure:4818: gcc -o conftest -g -O2   conftest.c -ldl -lpthread  >&5
configure:4818: $? = 0
configure:4818: ./conftest
configure:4818: $? = 0
configure:4832: result: 8
configure:4846: checking size of off_t
configure:4851: gcc -o conftest -g -O2   conftest.c -ldl -lpthread  >&5
configure:4851: $? = 0
configure:4851: ./conftest
configure:4851: $? = 0
configure:4865: result: 8
configure:4879: checking for htons
configure:4879: gcc -o conftest -g -O2   conftest.c -ldl -lpthread  >&5
configure:4879: $? = 0
configure:4879: result: yes
configure:4879: checking for kill
configure:4879: gcc -o conftest -g -O2   conftest.c -ldl -lpthread  >&5
configure:4879: $? = 0
configure:4879: result: yes
configure:4879: checking for daemon
configure:4879: gcc -o conftest -g -O2   conftest.c -ldl -lpthread  >&5
configure:4879: $? = 0
configure:4879: result: yes
configure:4889: checking for an ANSI C-conforming const
configure:4962: result: yes
configure:4970: checking for inline
configure:4994: result: inline
configure:5012: checking for size_t
configure:5012: result: yes
configure:5023: checking whether time.h and sys/time.h may both be included
configure:5043: gcc -c -g -O2  conftest.c >&5
configure:5043: $? = 0
configure:5050: result: yes
configure:5058: checking whether struct tm is in sys/time.h or time.h
configure:5078: gcc -c -g -O2  conftest.c >&5
configure:5078: $? = 0
configure:5085: result: time.h
configure:5095: checking return type of signal handlers
configure:5120: result: void
configure:5131: checking for atexit
configure:5131: gcc -o conftest -g -O2   conftest.c -ldl -lpthread  >&5
configure:5131: $? = 0
configure:5131: result: yes
configure:5131: checking for on_exit
configure:5131: gcc -o conftest -g -O2   conftest.c -ldl -lpthread  >&5
configure:5131: $? = 0
configure:5131: result: yes
configure:5131: checking for tcsetattr
configure:5131: gcc -o conftest -g -O2   conftest.c -ldl -lpthread  >&5
configure:5131: $? = 0
configure:5131: result: yes
configure:5131: checking for lseek64
configure:5131: gcc -o conftest -g -O2   conftest.c -ldl -lpthread  >&5
configure:5131: $? = 0
configure:5131: result: yes
configure:5131: checking for snprintf
configure:5131: gcc -o conftest -g -O2   conftest.c -ldl -lpthread  >&5
conftest.c:82:6: warning: conflicting types for built-in function 'snprintf'; expected 'int(char *, long unsigned int,  const char *, ...)' [-Wbuiltin-declaration-mismatch]
   82 | char snprintf ();
      |      ^~~~~~~~
conftest.c:70:1: note: 'snprintf' is declared in header '<stdio.h>'
   69 | # include <limits.h>
   70 | #else
configure:5131: $? = 0
configure:5131: result: yes
configure:5131: checking for inet_pton
configure:5131: gcc -o conftest -g -O2   conftest.c -ldl -lpthread  >&5
configure:5131: $? = 0
configure:5131: result: yes
configure:5131: checking for inet_aton
configure:5131: gcc -o conftest -g -O2   conftest.c -ldl -lpthread  >&5
configure:5131: $? = 0
configure:5131: result: yes
configure:5131: checking for getopt_long
configure:5131: gcc -o conftest -g -O2   conftest.c -ldl -lpthread  >&5
configure:5131: $? = 0
configure:5131: result: yes
configure:5131: checking for dlsym
configure:5131: gcc -o conftest -g -O2   conftest.c -ldl -lpthread  >&5
configure:5131: $? = 0
configure:5131: result: yes
configure:5351: creating ./config.status

## ---------------------- ##
## Running config.status. ##
## ---------------------- ##

This file was extended by config.status, which was
generated by GNU Autoconf 2.69.  Invocation command line was

  CONFIG_FILES    = 
  CONFIG_HEADERS  = 
  CONFIG_LINKS    = 
  CONFIG_COMMANDS = 
  $ ./config.status 

on x220blue

config.status:865: creating Makefile
config.status:865: creating config.h

## ---------------- ##
## Cache variables. ##
## ---------------- ##

ac_cv_build=x86_64-pc-linux-gnu
ac_cv_c_compiler_gnu=yes
ac_cv_c_const=yes
ac_cv_c_inline=inline
ac_cv_c_int16_t=yes
ac_cv_c_int32_t=yes
ac_cv_c_int8_t=yes
ac_cv_c_uint16_t=yes
ac_cv_c_uint32_t=yes
ac_cv_c_uint8_t=yes
ac_cv_env_CC_set=
ac_cv_env_CC_value=
ac_cv_env_CFLAGS_set=
ac_cv_env_CFLAGS_value=
ac_cv_env_CPPFLAGS_set=
ac_cv_env_CPPFLAGS_value=
ac_cv_env_CPP_set=
ac_cv_env_CPP_value=
ac_cv_env_LDFLAGS_set=
ac_cv_env_LDFLAGS_value=
ac_cv_env_LIBS_set=
ac_cv_env_LIBS_value=
ac_cv_env_build_alias_set=
ac_cv_env_build_alias_value=
ac_cv_env_host_alias_set=
ac_cv_env_host_alias_value=
ac_cv_env_target_alias_set=
ac_cv_env_target_alias_value=
ac_cv_func_atexit=yes
ac_cv_func_daemon=yes
ac_cv_func_dlsym=yes
ac_cv_func_getopt_long=yes
ac_cv_func_htons=yes
ac_cv_func_inet_aton=yes
ac_cv_func_inet_pton=yes
ac_cv_func_kill=yes
ac_cv_func_lseek64=yes
ac_cv_func_on_exit=yes
ac_cv_func_snprintf=yes
ac_cv_func_tcsetattr=yes
ac_cv_header_arpa_inet_h=yes
ac_cv_header_dlfcn_h=yes
ac_cv_header_fcntl_h=yes
ac_cv_header_getopt_h=yes
ac_cv_header_inttypes_h=yes
ac_cv_header_limits_h=yes
ac_cv_header_malloc_h=yes
ac_cv_header_memory_h=yes
ac_cv_header_net_if_h=yes
ac_cv_header_netdb_h=yes
ac_cv_header_netinet_in_h=yes
ac_cv_header_signal_h=yes
ac_cv_header_stdc=yes
ac_cv_header_stdint_h=yes
ac_cv_header_stdlib_h=yes
ac_cv_header_string_h=yes
ac_cv_header_strings_h=yes
ac_cv_header_sys_ioctl_h=yes
ac_cv_header_sys_param_h=yes
ac_cv_header_sys_select_h=yes
ac_cv_header_sys_socket_h=yes
ac_cv_header_sys_sockio_h=no
ac_cv_header_sys_stat_h=yes
ac_cv_header_sys_time_h=yes
ac_cv_header_sys_types_h=yes
ac_cv_header_sys_uio_h=yes
ac_cv_header_sys_wait_h=yes
ac_cv_header_termios_h=yes
ac_cv_header_time=yes
ac_cv_header_unistd_h=yes
ac_cv_header_winsock2_h=no
ac_cv_host=x86_64-pc-linux-gnu
ac_cv_lib_dl_dlsym=yes
ac_cv_lib_pthread_pthread_create=yes
ac_cv_member_struct_ip_mreqn_imr_ifindex=yes
ac_cv_objext=o
ac_cv_path_EGREP='/usr/bin/grep -E'
ac_cv_path_GREP=/usr/bin/grep
ac_cv_path_install='/usr/bin/install -c'
ac_cv_prog_CPP='gcc -E'
ac_cv_prog_ac_ct_CC=gcc
ac_cv_prog_cc_c89=
ac_cv_prog_cc_g=yes
ac_cv_prog_gcc_traditional=no
ac_cv_sizeof_long=8
ac_cv_sizeof_long_long=8
ac_cv_sizeof_off_t=8
ac_cv_sizeof_size_t=8
ac_cv_sizeof_time_t=8
ac_cv_struct_tm=time.h
ac_cv_sys_file_offset_bits=no
ac_cv_sys_largefile_CC=no
ac_cv_target=x86_64-pc-linux-gnu
ac_cv_type_caddr_t=yes
ac_cv_type_in_addr_t=yes
ac_cv_type_off_t=yes
ac_cv_type_signal=void
ac_cv_type_size_t=yes
ac_cv_type_ssize_t=yes
ac_cv_type_uid_t=yes

## ----------------- ##
## Output variables. ##
## ----------------- ##

CC='gcc'
CFLAGS='-g -O2 -Wall'
CPP='gcc -E'
CPPFLAGS=''
DEFS='-DHAVE_CONFIG_H'
ECHO_C=''
ECHO_N='-n'
ECHO_T=''
EGREP='/usr/bin/grep -E'
EXEEXT=''
EXESUFFIX=''
GREP='/usr/bin/grep'
HOST_ID='-DCPU_x86_64 -DVENDOR_pc -DOS_linux_gnu'
INSTALL_DATA='${INSTALL} -m 644'
INSTALL_PROGRAM='${INSTALL}'
INSTALL_SCRIPT='${INSTALL}'
LDFLAGS=''
LIBOBJS=''
LIBS='-ldl -lpthread '
LTLIBOBJS=''
MACHDEPLIBS=''
OBJEXT='o'
PACKAGE_BUGREPORT=''
PACKAGE_NAME=''
PACKAGE_STRING=''
PACKAGE_TARNAME=''
PACKAGE_URL=''
PACKAGE_VERSION=''
PATH_SEPARATOR=':'
SHELL='/bin/bash'
SHLIB=''
ac_ct_CC='gcc'
bindir='${exec_prefix}/bin'
build='x86_64-pc-linux-gnu'
build_alias=''
build_cpu='x86_64'
build_os='linux-gnu'
build_vendor='pc'
datadir='${datarootdir}'
datarootdir='${prefix}/share'
docdir='${datarootdir}/doc/${PACKAGE}'
dvidir='${docdir}'
exec_prefix='${prefix}'
extraincludedir=''
extralibdir=''
host='x86_64-pc-linux-gnu'
host_alias=''
host_cpu='x86_64'
host_os='linux-gnu'
host_vendor='pc'
htmldir='${docdir}'
includedir='${prefix}/include'
infodir='${datarootdir}/info'
libdir='${exec_prefix}/lib'
libexecdir='${exec_prefix}/libexec'
localedir='${datarootdir}/locale'
localstatedir='${prefix}/var'
mandir='${datarootdir}/man'
oldincludedir='/usr/include'
pdfdir='${docdir}'
prefix='/usr/local'
program_transform_name='s,x,x,'
psdir='${docdir}'
runstatedir='${localstatedir}/run'
sbindir='${exec_prefix}/sbin'
sharedstatedir='${prefix}/com'
sysconfdir='${prefix}/etc'
target='x86_64-pc-linux-gnu'
target_alias=''
target_cpu='x86_64'
target_os='linux-gnu'
target_vendor='pc'

## ----------- ##
## confdefs.h. ##
## ----------- ##

/* confdefs.h */
#define PACKAGE_NAME ""
#define PACKAGE_TARNAME ""
#define PACKAGE_VERSION ""
#define PACKAGE_STRING ""
#define PACKAGE_BUGREPORT ""
#define PACKAGE_URL ""
#define HAVE_LIBPTHREAD 1
#define HAVE_LIBDL 1
#define STDC_HEADERS 1
#define HAVE_SYS_WAIT_H 1
#define HAVE_SYS_TYPES_H 1
#define HAVE_SYS_STAT_H 1
#define HAVE_STDLIB_H 1
#define HAVE_STRING_H 1
#define HAVE_MEMORY_H 1
#define HAVE_STRINGS_H 1
#define HAVE_INTTYPES_H 1
#define HAVE_STDINT_H 1
#define HAVE_UNISTD_H 1
#define HAVE_FCNTL_H 1
#define HAVE_LIMITS_H 1
#define HAVE_SYS_IOCTL_H 1
#define HAVE_SYS_TIME_H 1
#define HAVE_ARPA_INET_H 1
#define HAVE_NETDB_H 1
#define HAVE_SYS_SELECT_H 1
#define HAVE_SYS_SOCKET_H 1
#define HAVE_SYS_PARAM_H 1
#define HAVE_MEMORY_H 1
#define HAVE_MALLOC_H 1
#define HAVE_SIGNAL_H 1
#define HAVE_NET_IF_H 1
#define HAVE_NETINET_IN_H 1
#define HAVE_SYS_UIO_H 1
#define HAVE_GETOPT_H 1
#define HAVE_DLFCN_H 1
#define HAVE_STRING_H 1
#define HAVE_TERMIOS_H 1
#define HAVE_STRUCT_IP_MREQN_IMR_IFINDEX 1
#define HAVE_IN_ADDR_T 1
#define RETSIGTYPE void
#define HAVE_CADDR_T 1
#define SIZEOF_SIZE_T 8
#define SIZEOF_TIME_T 8
#define SIZEOF_LONG 8
#define SIZEOF_LONG_LONG 8
#define SIZEOF_OFF_T 8
#define HAVE_HTONS 1
#define HAVE_KILL 1
#define HAVE_DAEMON 1
#define TIME_WITH_SYS_TIME 1
#define RETSIGTYPE void
#define HAVE_ATEXIT 1
#define HAVE_ON_EXIT 1
#define HAVE_TCSETATTR 1
#define HAVE_LSEEK64 1
#define HAVE_SNPRINTF 1
#define HAVE_INET_PTON 1
#define HAVE_INET_ATON 1
#define HAVE_GETOPT_LONG 1
#define HAVE_DLSYM 1

configure: exit 0
